The system is: Windows - 10.0.22621 - AMD64
Compiling the CXX compiler identification source file "CMakeCXXCompilerId.cpp" succeeded.
Compiler:  
Build flags: 
Id flags:  

The output was:
0
MSBuild version 17.5.0+6f08c67f3 for .NET Framework
已經開始建置於 2023/3/28 下午 05:52:42。
Included response file: C:\Program Files\Microsoft Visual Studio\2022\Community\MSBuild\Current\Bin\amd64\MSBuild.rsp

節點 1 (預設目標) 上的專案 "C:\Users\brian\Documents\GitHub\flutter-stylish\flutter_application_1\build\windows\CMakeFiles\3.25.1-msvc1\CompilerIdCXX\CompilerIdCXX.vcxproj"。
PrepareForBuild:
  正在建立目錄 "Debug\"。
  正在建立目錄 "Debug\CompilerIdCXX.tlog\"。
InitializeBuildStatus:
  由於指定了 "AlwaysCreate"，因此正在建立 "Debug\CompilerIdCXX.tlog\unsuccessfulbuild"。
ClCompile:
  C:\Program Files\Microsoft Visual Studio\2022\Community\VC\Tools\MSVC\14.35.32215\bin\HostX64\x64\CL.exe /c /nologo /W0 /WX- /diagnostics:column /Od /D _MBCS /Gm- /EHsc /RTC1 /MDd /GS /fp:precise /Zc:wchar_t /Zc:forScope /Zc:inline /Fo"Debug\\" /Fd"Debug\vc143.pdb" /external:W0 /Gd /TP /FC /errorReport:queue CMakeCXXCompilerId.cpp
  CMakeCXXCompilerId.cpp
Link:
  C:\Program Files\Microsoft Visual Studio\2022\Community\VC\Tools\MSVC\14.35.32215\bin\HostX64\x64\link.exe /ERRORREPORT:QUEUE /OUT:".\CompilerIdCXX.exe" /INCREMENTAL:NO /NOLOGO kernel32.lib user32.lib gdi32.lib winspool.lib comdlg32.lib advapi32.lib shell32.lib ole32.lib oleaut32.lib uuid.lib odbc32.lib odbccp32.lib /MANIFEST /MANIFESTUAC:"level='asInvoker' uiAccess='false'" /manifest:embed /PDB:".\CompilerIdCXX.pdb" /SUBSYSTEM:CONSOLE /TLBID:1 /DYNAMICBASE /NXCOMPAT /IMPLIB:".\CompilerIdCXX.lib" /MACHINE:X64 Debug\CMakeCXXCompilerId.obj
  CompilerIdCXX.vcxproj -> C:\Users\brian\Documents\GitHub\flutter-stylish\flutter_application_1\build\windows\CMakeFiles\3.25.1-msvc1\CompilerIdCXX\CompilerIdCXX.exe
PostBuildEvent:
  for %%i in (cl.exe) do @echo CMAKE_CXX_COMPILER=%%~$PATH:i
  :VCEnd
  CMAKE_CXX_COMPILER=C:\Program Files\Microsoft Visual Studio\2022\Community\VC\Tools\MSVC\14.35.32215\bin\Hostx64\x64\cl.exe
FinalizeBuildStatus:
  正在刪除檔案 "Debug\CompilerIdCXX.tlog\unsuccessfulbuild"。
  正在變更時間戳記 "Debug\CompilerIdCXX.tlog\CompilerIdCXX.lastbuildstate"。
專案 "C:\Users\brian\Documents\GitHub\flutter-stylish\flutter_application_1\build\windows\CMakeFiles\3.25.1-msvc1\CompilerIdCXX\CompilerIdCXX.vcxproj" (預設目標) 建置完成。

建置成功。
    0 個警告
    0 個錯誤

經過時間 00:00:01.51


Compilation of the CXX compiler identification source "CMakeCXXCompilerId.cpp" produced "CompilerIdCXX.exe"

Compilation of the CXX compiler identification source "CMakeCXXCompilerId.cpp" produced "CompilerIdCXX.vcxproj"

The CXX compiler identification is MSVC, found in "C:/Users/brian/Documents/GitHub/flutter-stylish/flutter_application_1/build/windows/CMakeFiles/3.25.1-msvc1/CompilerIdCXX/CompilerIdCXX.exe"

Detecting CXX compiler ABI info compiled with the following output:
Change Dir: C:/Users/brian/Documents/GitHub/flutter-stylish/flutter_application_1/build/windows/CMakeFiles/CMakeScratch/TryCompile-47pjf9

Run Build Command(s):C:/Program Files/Microsoft Visual Studio/2022/Community/MSBuild/Current/Bin/amd64/MSBuild.exe cmTC_0c1d6.vcxproj /p:Configuration=Debug /p:Platform=x64 /p:VisualStudioVersion=17.0 /v:m && MSBuild version 17.5.0+6f08c67f3 for .NET Framework

  Microsoft (R) C/C++ Optimizing Compiler Version 19.35.32215 for x64
  CMakeCXXCompilerABI.cpp
  Copyright (C) Microsoft Corporation.  著作權所有，並保留一切權利。
  cl /c /Zi /W3 /WX- /diagnostics:column /Od /Ob0 /D _MBCS /D WIN32 /D _WINDOWS /D "CMAKE_INTDIR=\"Debug\"" /Gm- /EHsc /RTC1 /MDd /GS /fp:precise /Zc:wchar_t /Zc:forScope /Zc:inline /GR /Fo"cmTC_0c1d6.dir\Debug\\" /Fd"cmTC_0c1d6.dir\Debug\vc143.pdb" /external:W3 /Gd /TP /errorReport:queue "C:\Program Files\Microsoft Visual Studio\2022\Community\Common7\IDE\CommonExtensions\Microsoft\CMake\CMake\share\cmake-3.25\Modules\CMakeCXXCompilerABI.cpp"
  cmTC_0c1d6.vcxproj -> C:\Users\brian\Documents\GitHub\flutter-stylish\flutter_application_1\build\windows\CMakeFiles\CMakeScratch\TryCompile-47pjf9\Debug\cmTC_0c1d6.exe



